<?xml version="1.0" encoding="UTF-8"?>
<!-- Generated by org.testng.reporters.JUnitXMLReporter -->
<testsuite hostname="dell-PC" ignored="0" name="Hub Spot Functional Regression Test" tests="6" failures="0" timestamp="05 Apr 2020 12:22:33 GMT" time="88.828" errors="0">
  <testcase name="verifyLoginPageTitleTest" time="14.096" classname="com.qa.hubspot.test.LoginPageTest"/>
  <testcase name="verifyHomePageTitleTest" time="0.016" classname="com.qa.hubspot.test.HomePageTest"/>
  <testcase name="verifySignUpLinkTest" time="0.562" classname="com.qa.hubspot.test.LoginPageTest"/>
  <testcase name="verifyHomePageHeaderTest" time="0.874" classname="com.qa.hubspot.test.HomePageTest"/>
  <testcase name="loginTest" time="0.883" classname="com.qa.hubspot.test.LoginPageTest"/>
  <testcase name="verifyLoggedInUserAccountName" time="0.047" classname="com.qa.hubspot.test.HomePageTest"/>
</testsuite> <!-- Hub Spot Functional Regression Test -->
