<?xml version="1.0" encoding="UTF-8"?>
<!-- Generated by org.testng.reporters.JUnitXMLReporter -->
<testsuite hostname="dell-PC" ignored="0" name="Command line test" tests="9" failures="1" timestamp="13 May 2020 19:27:56 GMT" time="120.74" errors="0">
  <testcase name="verifyHomePageTitleTest" time="0.032" classname="com.qa.hubspot.test.HomePageTest"/>
  <testcase name="verifyLoginPageTitleTest" time="12.125" classname="com.qa.hubspot.test.LoginPageTest"/>
  <testcase name="verifyHomePageHeaderTest" time="0.632" classname="com.qa.hubspot.test.HomePageTest"/>
  <testcase name="verifySignUpLinkTest" time="0.175" classname="com.qa.hubspot.test.LoginPageTest"/>
  <testcase name="verifyLoggedInUserAccountName" time="0.043" classname="com.qa.hubspot.test.HomePageTest"/>
  <testcase name="loginTest" time="0.932" classname="com.qa.hubspot.test.LoginPageTest"/>
  <testcase name="getNegativeTestCase" time="36.424" classname="com.qa.hubspot.test.LoginPageTest"/>
  <testcase name="getNegativeTestCase" time="0.035" classname="com.qa.hubspot.test.LoginPageTest"/>
  <testcase name="getNegativeTestCase" time="36.533" classname="com.qa.hubspot.test.LoginPageTest">
    <failure type="org.testng.internal.reflect.MethodMatcherException" message="
Data provider mismatch
Method: getNegativeTestCase([Parameter{index=0, type=java.lang.String, declaredAnnotations=[]}, Parameter{index=1, type=java.lang.String, declaredAnnotations=[]}])
Arguments: [(java.lang.String)    ]">
      <![CDATA[org.testng.internal.reflect.MethodMatcherException: 
Data provider mismatch
Method: getNegativeTestCase([Parameter{index=0, type=java.lang.String, declaredAnnotations=[]}, Parameter{index=1, type=java.lang.String, declaredAnnotations=[]}])
Arguments: [(java.lang.String)    ]
... Removed 30 stack frames]]>
    </failure>
  </testcase> <!-- getNegativeTestCase -->
</testsuite> <!-- Command line test -->
