<?xml version="1.0" encoding="UTF-8"?>
<testng-results skipped="0" failed="1" ignored="0" total="9" passed="8">
  <reporter-output>
  </reporter-output>
  <suite name="Command line suite" duration-ms="120740" started-at="2020-05-13T19:25:54Z" finished-at="2020-05-13T19:27:55Z">
    <groups>
    </groups>
    <test name="Command line test" duration-ms="120740" started-at="2020-05-13T19:25:54Z" finished-at="2020-05-13T19:27:55Z">
      <class name="com.qa.hubspot.test.LoginPageTest">
        <test-method status="PASS" signature="verifyLoginPageTitleTest()[pri:1, instance:com.qa.hubspot.test.LoginPageTest@407d53]" name="verifyLoginPageTitleTest" duration-ms="12125" started-at="2020-05-13T19:26:57Z" finished-at="2020-05-13T19:27:09Z">
          <reporter-output>
          </reporter-output>
        </test-method> <!-- verifyLoginPageTitleTest -->
        <test-method status="PASS" signature="verifySignUpLinkTest()[pri:2, instance:com.qa.hubspot.test.LoginPageTest@407d53]" name="verifySignUpLinkTest" duration-ms="175" started-at="2020-05-13T19:27:10Z" finished-at="2020-05-13T19:27:10Z">
          <reporter-output>
          </reporter-output>
        </test-method> <!-- verifySignUpLinkTest -->
        <test-method status="PASS" signature="loginTest()[pri:3, instance:com.qa.hubspot.test.LoginPageTest@407d53]" name="loginTest" duration-ms="932" started-at="2020-05-13T19:27:10Z" finished-at="2020-05-13T19:27:11Z">
          <reporter-output>
          </reporter-output>
        </test-method> <!-- loginTest -->
        <test-method status="FAIL" signature="getNegativeTestCase(java.lang.String, java.lang.String)[pri:4, instance:com.qa.hubspot.test.LoginPageTest@407d53]" name="getNegativeTestCase" duration-ms="36533" started-at="2020-05-13T19:27:11Z" data-provider="getLoginInvalidData" finished-at="2020-05-13T19:27:47Z">
          <exception class="org.testng.internal.reflect.MethodMatcherException">
            <message>
              <![CDATA[
Data provider mismatch
Method: getNegativeTestCase([Parameter{index=0, type=java.lang.String, declaredAnnotations=[]}, Parameter{index=1, type=java.lang.String, declaredAnnotations=[]}])
Arguments: [(java.lang.String)    ]]]>
            </message>
            <full-stacktrace>
              <![CDATA[org.testng.internal.reflect.MethodMatcherException: 
Data provider mismatch
Method: getNegativeTestCase([Parameter{index=0, type=java.lang.String, declaredAnnotations=[]}, Parameter{index=1, type=java.lang.String, declaredAnnotations=[]}])
Arguments: [(java.lang.String)    ]
at org.testng.internal.reflect.DataProviderMethodMatcher.getConformingArguments(DataProviderMethodMatcher.java:45)
at org.testng.internal.Parameters.injectParameters(Parameters.java:796)
at org.testng.internal.Invoker.invokeTestMethods(Invoker.java:983)
at org.testng.internal.TestMethodWorker.invokeTestMethods(TestMethodWorker.java:125)
at org.testng.internal.TestMethodWorker.run(TestMethodWorker.java:109)
at org.testng.TestRunner.privateRun(TestRunner.java:648)
at org.testng.TestRunner.run(TestRunner.java:505)
at org.testng.SuiteRunner.runTest(SuiteRunner.java:455)
at org.testng.SuiteRunner.runSequentially(SuiteRunner.java:450)
at org.testng.SuiteRunner.privateRun(SuiteRunner.java:415)
at org.testng.SuiteRunner.run(SuiteRunner.java:364)
at org.testng.SuiteRunnerWorker.runSuite(SuiteRunnerWorker.java:52)
at org.testng.SuiteRunnerWorker.run(SuiteRunnerWorker.java:84)
at org.testng.TestNG.runSuitesSequentially(TestNG.java:1208)
at org.testng.TestNG.runSuitesLocally(TestNG.java:1137)
at org.testng.TestNG.runSuites(TestNG.java:1049)
at org.testng.TestNG.run(TestNG.java:1017)
at org.apache.maven.surefire.testng.TestNGExecutor.run(TestNGExecutor.java:77)
at org.apache.maven.surefire.testng.TestNGDirectoryTestSuite.executeMulti(TestNGDirectoryTestSuite.java:159)
at org.apache.maven.surefire.testng.TestNGDirectoryTestSuite.execute(TestNGDirectoryTestSuite.java:99)
at org.apache.maven.surefire.testng.TestNGProvider.invoke(TestNGProvider.java:106)
at sun.reflect.NativeMethodAccessorImpl.invoke0(Native Method)
at sun.reflect.NativeMethodAccessorImpl.invoke(NativeMethodAccessorImpl.java:62)
at sun.reflect.DelegatingMethodAccessorImpl.invoke(DelegatingMethodAccessorImpl.java:43)
at java.lang.reflect.Method.invoke(Method.java:498)
at org.apache.maven.surefire.util.ReflectionUtils.invokeMethodWithArray(ReflectionUtils.java:189)
at org.apache.maven.surefire.booter.ProviderFactory$ProviderProxy.invoke(ProviderFactory.java:165)
at org.apache.maven.surefire.booter.ProviderFactory.invokeProvider(ProviderFactory.java:85)
at org.apache.maven.surefire.booter.ForkedBooter.runSuitesInProcess(ForkedBooter.java:115)
at org.apache.maven.surefire.booter.ForkedBooter.main(ForkedBooter.java:75)
]]>
            </full-stacktrace>
          </exception> <!-- org.testng.internal.reflect.MethodMatcherException -->
          <reporter-output>
          </reporter-output>
        </test-method> <!-- getNegativeTestCase -->
        <test-method status="PASS" signature="getNegativeTestCase(java.lang.String, java.lang.String)[pri:4, instance:com.qa.hubspot.test.LoginPageTest@407d53]" name="getNegativeTestCase" duration-ms="36424" started-at="2020-05-13T19:27:11Z" data-provider="getLoginInvalidData" finished-at="2020-05-13T19:27:47Z">
          <params>
            <param index="0">
              <value>
                <![CDATA[test176@gmail.com]]>
              </value>
            </param>
            <param index="1">
              <value>
                <![CDATA[test]]>
              </value>
            </param>
          </params>
          <reporter-output>
          </reporter-output>
        </test-method> <!-- getNegativeTestCase -->
        <test-method status="PASS" signature="getNegativeTestCase(java.lang.String, java.lang.String)[pri:4, instance:com.qa.hubspot.test.LoginPageTest@407d53]" name="getNegativeTestCase" duration-ms="35" started-at="2020-05-13T19:27:47Z" data-provider="getLoginInvalidData" finished-at="2020-05-13T19:27:47Z">
          <params>
            <param index="0">
              <value>
                <![CDATA[test263@gmail.com]]>
              </value>
            </param>
            <param index="1">
              <value>
                <![CDATA[abcd]]>
              </value>
            </param>
          </params>
          <reporter-output>
          </reporter-output>
        </test-method> <!-- getNegativeTestCase -->
      </class> <!-- com.qa.hubspot.test.LoginPageTest -->
      <class name="com.qa.hubspot.test.HomePageTest">
        <test-method status="PASS" signature="setUp()[pri:0, instance:com.qa.hubspot.test.HomePageTest@3498ed]" name="setUp" is-config="true" duration-ms="42231" started-at="2020-05-13T19:25:54Z" finished-at="2020-05-13T19:26:36Z">
          <reporter-output>
          </reporter-output>
        </test-method> <!-- setUp -->
        <test-method status="PASS" signature="setUp()[pri:0, instance:com.qa.hubspot.test.LoginPageTest@407d53]" name="setUp" is-config="true" duration-ms="20118" started-at="2020-05-13T19:26:36Z" finished-at="2020-05-13T19:26:57Z">
          <reporter-output>
          </reporter-output>
        </test-method> <!-- setUp -->
        <test-method status="PASS" signature="verifyHomePageTitleTest()[pri:1, instance:com.qa.hubspot.test.HomePageTest@3498ed]" name="verifyHomePageTitleTest" duration-ms="32" started-at="2020-05-13T19:26:57Z" finished-at="2020-05-13T19:26:57Z">
          <reporter-output>
          </reporter-output>
        </test-method> <!-- verifyHomePageTitleTest -->
        <test-method status="PASS" signature="verifyHomePageHeaderTest()[pri:2, instance:com.qa.hubspot.test.HomePageTest@3498ed]" name="verifyHomePageHeaderTest" duration-ms="632" started-at="2020-05-13T19:27:09Z" finished-at="2020-05-13T19:27:10Z">
          <reporter-output>
          </reporter-output>
        </test-method> <!-- verifyHomePageHeaderTest -->
        <test-method status="PASS" signature="verifyLoggedInUserAccountName()[pri:3, instance:com.qa.hubspot.test.HomePageTest@3498ed]" name="verifyLoggedInUserAccountName" duration-ms="43" started-at="2020-05-13T19:27:10Z" finished-at="2020-05-13T19:27:10Z">
          <reporter-output>
          </reporter-output>
        </test-method> <!-- verifyLoggedInUserAccountName -->
        <test-method status="PASS" signature="tearDown()[pri:0, instance:com.qa.hubspot.test.HomePageTest@3498ed]" name="tearDown" is-config="true" duration-ms="6714" started-at="2020-05-13T19:27:47Z" finished-at="2020-05-13T19:27:54Z">
          <reporter-output>
          </reporter-output>
        </test-method> <!-- tearDown -->
        <test-method status="PASS" signature="tearDown()[pri:0, instance:com.qa.hubspot.test.LoginPageTest@407d53]" name="tearDown" is-config="true" duration-ms="910" started-at="2020-05-13T19:27:54Z" finished-at="2020-05-13T19:27:55Z">
          <reporter-output>
          </reporter-output>
        </test-method> <!-- tearDown -->
      </class> <!-- com.qa.hubspot.test.HomePageTest -->
    </test> <!-- Command line test -->
  </suite> <!-- Command line suite -->
</testng-results>
